# Logfile created on Tue May 04 18:55:43 +0200 2010  [4;36;1mSQL (0.1ms)[0m   [0;1mSET NAMES 'utf8'[0m
  [4;35;1mSQL (0.1ms)[0m   [0mSET SQL_AUTO_IS_NULL=0[0m


Processing ApplicationController#index (for 127.0.0.1 at 2010-05-04 18:55:51) [GET]

ActionController::RoutingError (No route matches "/posts/" with {:method=>:get}):
  config/initializers/cgi_session_hack.rb:42:in `call'

Rendering rescues/layout (not_found)
  [4;36;1mSQL (0.1ms)[0m   [0;1mSET NAMES 'utf8'[0m
  [4;35;1mSQL (0.1ms)[0m   [0mSET SQL_AUTO_IS_NULL=0[0m


Processing ApplicationController#index (for 127.0.0.1 at 2010-05-04 18:55:55) [GET]

ActionController::RoutingError (No route matches "/posts/batch" with {:method=>:get}):
  config/initializers/cgi_session_hack.rb:42:in `call'

Rendering rescues/layout (not_found)
  [4;36;1mSQL (0.1ms)[0m   [0;1mSET NAMES 'utf8'[0m
  [4;35;1mSQL (0.2ms)[0m   [0mSET SQL_AUTO_IS_NULL=0[0m


Processing ApplicationController#index (for 127.0.0.1 at 2010-05-04 18:55:56) [GET]

ActionController::RoutingError (No route matches "/posts/batch" with {:method=>:get}):
  config/initializers/cgi_session_hack.rb:42:in `call'

Rendering rescues/layout (not_found)
  [4;36;1mSQL (0.1ms)[0m   [0;1mSET NAMES 'utf8'[0m
  [4;35;1mSQL (0.1ms)[0m   [0mSET SQL_AUTO_IS_NULL=0[0m


Processing Manage::PostsController#index (for 127.0.0.1 at 2010-05-04 18:56:13) [GET]
  Parameters: {"action"=>"index", "controller"=>"manage/posts"}
  [4;36;1mUser Columns (18.4ms)[0m   [0;1mSHOW FIELDS FROM `users`[0m
  [4;35;1mUser Load (0.4ms)[0m   [0mSELECT * FROM `users` WHERE (`users`.`id` = '1') LIMIT 1[0m
Redirected to http://localhost:3000/user_session/new
Filter chain halted as [:require_login] rendered_or_redirected.
Completed in 41ms (DB: 19) | 302 Found [http://localhost/manage/posts]
  [4;36;1mSQL (0.1ms)[0m   [0;1mSET NAMES 'utf8'[0m
  [4;35;1mSQL (0.1ms)[0m   [0mSET SQL_AUTO_IS_NULL=0[0m


Processing UserSessionsController#new (for 127.0.0.1 at 2010-05-04 18:56:13) [GET]
  Parameters: {"action"=>"new", "controller"=>"user_sessions"}
  [4;36;1mSite Columns (7.5ms)[0m   [0;1mSHOW FIELDS FROM `sites`[0m
  [4;35;1mSite Load (2.3ms)[0m   [0mSELECT * FROM `sites` WHERE (`sites`.`domain` = 'localhost') LIMIT 1[0m
  [4;36;1mUser Columns (1.5ms)[0m   [0;1mSHOW FIELDS FROM `users`[0m
  [4;35;1mUser Load (0.4ms)[0m   [0mSELECT * FROM `users` WHERE (`users`.`id` = '1') LIMIT 1[0m
Rendering template within layouts/application
Rendering user_sessions/new
Completed in 77ms (View: 29, DB: 12) | 200 OK [http://localhost/user_session/new]
  [4;36;1mSQL (0.1ms)[0m   [0;1mSET NAMES 'utf8'[0m
  [4;35;1mSQL (0.1ms)[0m   [0mSET SQL_AUTO_IS_NULL=0[0m


Processing UserSessionsController#create (for 127.0.0.1 at 2010-05-04 18:56:18) [POST]
  Parameters: {"commit"=>"Login", "user_session"=>{"remember_me"=>"0", "password"=>"[FILTERED]", "login"=>"matsimitsu"}, "action"=>"create", "controller"=>"user_sessions"}
  [4;36;1mSite Columns (1.2ms)[0m   [0;1mSHOW FIELDS FROM `sites`[0m
  [4;35;1mSite Load (0.3ms)[0m   [0mSELECT * FROM `sites` WHERE (`sites`.`domain` = 'localhost') LIMIT 1[0m
  [4;36;1mUser Columns (1.6ms)[0m   [0;1mSHOW FIELDS FROM `users`[0m
  [4;35;1mUser Load (0.4ms)[0m   [0mSELECT * FROM `users` WHERE (`users`.`id` = '1') LIMIT 1[0m
  [4;36;1mUser Load (0.4ms)[0m   [0;1mSELECT * FROM `users` WHERE (LOWER(`users`.login) = 'matsimitsu') LIMIT 1[0m
  [4;35;1mSQL (0.2ms)[0m   [0mBEGIN[0m
  [4;36;1mUser Update (0.3ms)[0m   [0;1mUPDATE `users` SET `updated_at` = '2010-05-04 16:56:18', `perishable_token` = 'coXL595u3qxxeS4tvrLK', `last_login_at` = '2010-01-16 14:59:23', `current_login_at` = '2010-05-04 16:56:18', `login_count` = 3, `last_request_at` = '2010-05-04 16:56:18' WHERE `id` = 1[0m
[paperclip] Saving attachments.
  [4;35;1mSQL (1.2ms)[0m   [0mCOMMIT[0m
Redirected to http://localhost:3000/manage/posts
Completed in 339ms (DB: 6) | 302 Found [http://localhost/user_session]
  [4;36;1mSQL (0.1ms)[0m   [0;1mSET NAMES 'utf8'[0m
  [4;35;1mSQL (0.1ms)[0m   [0mSET SQL_AUTO_IS_NULL=0[0m


Processing Manage::PostsController#index (for 127.0.0.1 at 2010-05-04 18:56:18) [GET]
  Parameters: {"action"=>"index", "controller"=>"manage/posts"}
  [4;36;1mUser Columns (3.3ms)[0m   [0;1mSHOW FIELDS FROM `users`[0m
  [4;35;1mUser Load (0.4ms)[0m   [0mSELECT * FROM `users` WHERE (`users`.`id` = '1') LIMIT 1[0m
  [4;36;1mSQL (0.1ms)[0m   [0;1mBEGIN[0m
  [4;35;1mUser Update (0.3ms)[0m   [0mUPDATE `users` SET `updated_at` = '2010-05-04 16:56:18', `perishable_token` = 'zHNsUQOj55Moakwky9pK', `last_request_at` = '2010-05-04 16:56:18' WHERE `id` = 1[0m
[paperclip] Saving attachments.
  [4;36;1mSQL (0.6ms)[0m   [0;1mCOMMIT[0m
  [4;35;1mSite Columns (6.8ms)[0m   [0mSHOW FIELDS FROM `sites`[0m
  [4;36;1mSite Load (0.6ms)[0m   [0;1mSELECT * FROM `sites` WHERE (`sites`.`domain` = 'localhost') LIMIT 1[0m

NoMethodError (undefined method `posts' for nil:NilClass):
  app/controllers/manage/posts_controller.rb:4:in `index'
  haml (2.2.3) rails/./lib/sass/plugin/rails.rb:19:in `process'
  config/initializers/cgi_session_hack.rb:42:in `call'

Rendered rescues/_trace (118.2ms)
Rendered rescues/_request_and_response (1.3ms)
Rendering rescues/layout (internal_server_error)
  [4;35;1mSQL (0.2ms)[0m   [0mSET NAMES 'utf8'[0m
  [4;36;1mSQL (0.1ms)[0m   [0;1mSET SQL_AUTO_IS_NULL=0[0m


Processing Manage::PostsController#index (for 127.0.0.1 at 2010-05-04 18:56:20) [GET]
  Parameters: {"action"=>"index", "controller"=>"manage/posts"}
  [4;35;1mUser Columns (1.5ms)[0m   [0mSHOW FIELDS FROM `users`[0m
  [4;36;1mUser Load (1.5ms)[0m   [0;1mSELECT * FROM `users` WHERE (`users`.`id` = '1') LIMIT 1[0m
  [4;35;1mSQL (0.4ms)[0m   [0mBEGIN[0m
  [4;36;1mUser Update (0.3ms)[0m   [0;1mUPDATE `users` SET `updated_at` = '2010-05-04 16:56:20', `perishable_token` = 'BkcIu-mzLLPHDiOoRicy', `last_request_at` = '2010-05-04 16:56:20' WHERE `id` = 1[0m
[paperclip] Saving attachments.
  [4;35;1mSQL (1.7ms)[0m   [0mCOMMIT[0m
  [4;36;1mSite Columns (1.2ms)[0m   [0;1mSHOW FIELDS FROM `sites`[0m
  [4;35;1mSite Load (0.3ms)[0m   [0mSELECT * FROM `sites` WHERE (`sites`.`domain` = 'localhost') LIMIT 1[0m

NoMethodError (undefined method `posts' for nil:NilClass):
  app/controllers/manage/posts_controller.rb:4:in `index'
  haml (2.2.3) rails/./lib/sass/plugin/rails.rb:19:in `process'
  config/initializers/cgi_session_hack.rb:42:in `call'

Rendered rescues/_trace (39.7ms)
Rendered rescues/_request_and_response (0.3ms)
Rendering rescues/layout (internal_server_error)
  [4;36;1mSQL (0.1ms)[0m   [0;1mSET NAMES 'utf8'[0m
  [4;35;1mSQL (0.1ms)[0m   [0mSET SQL_AUTO_IS_NULL=0[0m


Processing ApplicationController#index (for 127.0.0.1 at 2010-05-04 18:56:22) [GET]

ActionController::RoutingError (No route matches "/manage/" with {:method=>:get}):
  config/initializers/cgi_session_hack.rb:42:in `call'

Rendering rescues/layout (not_found)
  [4;36;1mSQL (0.1ms)[0m   [0;1mSET NAMES 'utf8'[0m
  [4;35;1mSQL (21.2ms)[0m   [0mSET SQL_AUTO_IS_NULL=0[0m


Processing Manage::PostsController#index (for 127.0.0.1 at 2010-05-04 18:56:34) [GET]
  Parameters: {"action"=>"index", "controller"=>"manage/posts"}
  [4;36;1mUser Columns (1.5ms)[0m   [0;1mSHOW FIELDS FROM `users`[0m
  [4;35;1mUser Load (0.4ms)[0m   [0mSELECT * FROM `users` WHERE (`users`.`id` = '1') LIMIT 1[0m
  [4;36;1mSQL (0.1ms)[0m   [0;1mBEGIN[0m
  [4;35;1mUser Update (0.3ms)[0m   [0mUPDATE `users` SET `updated_at` = '2010-05-04 16:56:34', `perishable_token` = '-hWD1Ts8oaCRazB_Q5KQ', `last_request_at` = '2010-05-04 16:56:34' WHERE `id` = 1[0m
[paperclip] Saving attachments.
  [4;36;1mSQL (0.3ms)[0m   [0;1mCOMMIT[0m
  [4;35;1mSite Columns (1.1ms)[0m   [0mSHOW FIELDS FROM `sites`[0m
  [4;36;1mSite Load (0.3ms)[0m   [0;1mSELECT * FROM `sites` WHERE (`sites`.`domain` = 'localhost') LIMIT 1[0m

NoMethodError (undefined method `posts' for nil:NilClass):
  app/controllers/manage/posts_controller.rb:4:in `index'
  haml (2.2.3) rails/./lib/sass/plugin/rails.rb:19:in `process'
  config/initializers/cgi_session_hack.rb:42:in `call'

Rendered rescues/_trace (35.5ms)
Rendered rescues/_request_and_response (0.3ms)
Rendering rescues/layout (internal_server_error)
  [4;35;1mSQL (0.1ms)[0m   [0mSET NAMES 'utf8'[0m
  [4;36;1mSQL (0.1ms)[0m   [0;1mSET SQL_AUTO_IS_NULL=0[0m


Processing Manage::PostsController#index (for 127.0.0.1 at 2010-05-04 18:58:16) [GET]
  Parameters: {"action"=>"index", "controller"=>"manage/posts"}
  [4;35;1mUser Columns (2.6ms)[0m   [0mSHOW FIELDS FROM `users`[0m
Redirected to http://matsimitsu.localhost:3000/user_session/new
Filter chain halted as [:require_login] rendered_or_redirected.
Completed in 18ms (DB: 3) | 302 Found [http://matsimitsu.localhost/manage/posts]
  [4;36;1mSQL (0.1ms)[0m   [0;1mSET NAMES 'utf8'[0m
  [4;35;1mSQL (0.1ms)[0m   [0mSET SQL_AUTO_IS_NULL=0[0m


Processing UserSessionsController#new (for 127.0.0.1 at 2010-05-04 18:58:16) [GET]
  Parameters: {"action"=>"new", "controller"=>"user_sessions"}
  [4;36;1mSite Columns (1.2ms)[0m   [0;1mSHOW FIELDS FROM `sites`[0m
  [4;35;1mSite Load (0.3ms)[0m   [0mSELECT * FROM `sites` WHERE (`sites`.`domain` = 'matsimitsu') LIMIT 1[0m
  [4;36;1mUser Columns (1.4ms)[0m   [0;1mSHOW FIELDS FROM `users`[0m
Rendering template within layouts/application
Rendering user_sessions/new
Completed in 124ms (View: 7, DB: 3) | 200 OK [http://matsimitsu.localhost/user_session/new]
  [4;35;1mSQL (0.1ms)[0m   [0mSET NAMES 'utf8'[0m
  [4;36;1mSQL (0.1ms)[0m   [0;1mSET SQL_AUTO_IS_NULL=0[0m


Processing UserSessionsController#create (for 127.0.0.1 at 2010-05-04 18:58:20) [POST]
  Parameters: {"commit"=>"Login", "user_session"=>{"remember_me"=>"0", "password"=>"[FILTERED]", "login"=>"matsimitsu"}, "action"=>"create", "controller"=>"user_sessions"}
  [4;35;1mSite Columns (1.1ms)[0m   [0mSHOW FIELDS FROM `sites`[0m
  [4;36;1mSite Load (0.3ms)[0m   [0;1mSELECT * FROM `sites` WHERE (`sites`.`domain` = 'matsimitsu') LIMIT 1[0m
  [4;35;1mUser Columns (1.4ms)[0m   [0mSHOW FIELDS FROM `users`[0m
  [4;36;1mUser Load (0.5ms)[0m   [0;1mSELECT * FROM `users` WHERE (LOWER(`users`.login) = 'matsimitsu') LIMIT 1[0m
  [4;35;1mSQL (0.2ms)[0m   [0mBEGIN[0m
  [4;36;1mUser Update (0.3ms)[0m   [0;1mUPDATE `users` SET `updated_at` = '2010-05-04 16:58:20', `perishable_token` = 'A_C_z67W0jfIHH_ffNTP', `last_login_at` = '2010-05-04 16:56:18', `current_login_at` = '2010-05-04 16:58:20', `login_count` = 4, `last_request_at` = '2010-05-04 16:58:20' WHERE `id` = 1[0m
[paperclip] Saving attachments.
  [4;35;1mSQL (0.3ms)[0m   [0mCOMMIT[0m
Redirected to http://matsimitsu.localhost:3000/manage/posts
Completed in 33ms (DB: 4) | 302 Found [http://matsimitsu.localhost/user_session]
  [4;36;1mSQL (0.1ms)[0m   [0;1mSET NAMES 'utf8'[0m
  [4;35;1mSQL (0.1ms)[0m   [0mSET SQL_AUTO_IS_NULL=0[0m


Processing Manage::PostsController#index (for 127.0.0.1 at 2010-05-04 18:58:20) [GET]
  Parameters: {"action"=>"index", "controller"=>"manage/posts"}
  [4;36;1mUser Columns (1.6ms)[0m   [0;1mSHOW FIELDS FROM `users`[0m
  [4;35;1mUser Load (0.4ms)[0m   [0mSELECT * FROM `users` WHERE (`users`.`id` = '1') LIMIT 1[0m
  [4;36;1mSQL (0.1ms)[0m   [0;1mBEGIN[0m
  [4;35;1mUser Update (0.5ms)[0m   [0mUPDATE `users` SET `updated_at` = '2010-05-04 16:58:20', `perishable_token` = 'wJfKGhewl7eW-msqC6Pq', `last_request_at` = '2010-05-04 16:58:20' WHERE `id` = 1[0m
[paperclip] Saving attachments.
  [4;36;1mSQL (0.3ms)[0m   [0;1mCOMMIT[0m
  [4;35;1mSite Columns (1.1ms)[0m   [0mSHOW FIELDS FROM `sites`[0m
  [4;36;1mSite Load (0.7ms)[0m   [0;1mSELECT * FROM `sites` WHERE (`sites`.`domain` = 'matsimitsu') LIMIT 1[0m
Rendering template within layouts/manage
Rendering manage/posts/index
  [4;35;1mPost Load (6.6ms)[0m   [0mSELECT * FROM `posts` WHERE (`posts`.site_id = 1) [0m
  [4;36;1mPost Columns (1.1ms)[0m   [0;1mSHOW FIELDS FROM `posts`[0m
Completed in 160ms (View: 25, DB: 13) | 200 OK [http://matsimitsu.localhost/manage/posts]
  [4;35;1mSQL (0.1ms)[0m   [0mSET NAMES 'utf8'[0m
  [4;36;1mSQL (0.2ms)[0m   [0;1mSET SQL_AUTO_IS_NULL=0[0m


Processing Manage::PostsController#upload_image_block (for 127.0.0.1 at 2010-05-04 18:58:25) [POST]
  Parameters: {"Filename"=>"softwarebanner1.gif", "action"=>"upload_image_block", "authenticity_token"=>"Ogm5CmYAde6y2AiccvR3H2MBkQKMaIPx60aj8++1zOE=", "Upload"=>"Submit Query", "controller"=>"manage/posts", "Filedata"=>#<File:/var/folders/2d/2d4dV4mCFCqTdyELJ5DLoE+++TM/-Tmp-/RackMultipart20100504-83672-hevdln-0>}
  [4;35;1mUser Columns (2.0ms)[0m   [0mSHOW FIELDS FROM `users`[0m
  [4;36;1mUser Load (0.6ms)[0m   [0;1mSELECT * FROM `users` WHERE (`users`.`id` = 1) LIMIT 1[0m
  [4;35;1mSQL (0.1ms)[0m   [0mBEGIN[0m
  [4;36;1mUser Update (0.3ms)[0m   [0;1mUPDATE `users` SET `updated_at` = '2010-05-04 16:58:25', `perishable_token` = 'dku6-kAWgJ5Ct1z-87bz', `last_request_at` = '2010-05-04 16:58:25' WHERE `id` = 1[0m
[paperclip] Saving attachments.
  [4;35;1mSQL (0.7ms)[0m   [0mCOMMIT[0m
  [4;36;1mSite Columns (2.3ms)[0m   [0;1mSHOW FIELDS FROM `sites`[0m
  [4;35;1mSite Load (0.6ms)[0m   [0mSELECT * FROM `sites` WHERE (`sites`.`domain` = 'matsimitsu') LIMIT 1[0m
  [4;36;1mPost Columns (1.7ms)[0m   [0;1mSHOW FIELDS FROM `posts`[0m
  [4;35;1mSQL (0.2ms)[0m   [0mBEGIN[0m
  [4;36;1mPost Create (0.9ms)[0m   [0;1mINSERT INTO `posts` (`pubdate`, `created_at`, `image_file_name`, `title`, `image_file_size`, `updated_at`, `image_content_type`, `user_id`, `comment_count`, `description`, `image_updated_at`, `site_id`, `likes`) VALUES(NULL, '2010-05-04 16:58:26', 'softwarebanner1.gif', 'softwarebanner1.gif', 19015, '2010-05-04 16:58:26', 'image/gif', 1, NULL, NULL, '2010-05-04 16:58:25', 1, NULL)[0m
[paperclip] Saving attachments.
[paperclip] saving /Users/robertbeekman/Sites/opensource/mysnaplog/public/system/images/11/small_thumb/softwarebanner1.gif
[paperclip] saving /Users/robertbeekman/Sites/opensource/mysnaplog/public/system/images/11/small/softwarebanner1.gif
[paperclip] saving /Users/robertbeekman/Sites/opensource/mysnaplog/public/system/images/11/medium/softwarebanner1.gif
[paperclip] saving /Users/robertbeekman/Sites/opensource/mysnaplog/public/system/images/11/thumb/softwarebanner1.gif
[paperclip] saving /Users/robertbeekman/Sites/opensource/mysnaplog/public/system/images/11/large/softwarebanner1.gif
[paperclip] saving /Users/robertbeekman/Sites/opensource/mysnaplog/public/system/images/11/original/softwarebanner1.gif
[paperclip] saving /Users/robertbeekman/Sites/opensource/mysnaplog/public/system/images/11/post/softwarebanner1.gif
  [4;35;1mSQL (0.4ms)[0m   [0mCOMMIT[0m
Completed in 1657ms (View: 2, DB: 10) | 200 OK [http://matsimitsu.localhost/manage/posts/upload_image_block?_mysnaplog_session=BAh7CSIVdXNlcl9jcmVkZW50aWFscyIBgDBiNGYyZDVmMmJjZTE1MGZhZjczODMzMzBkOWQxMjUxNWE0NTBlMzY3YjZmOTFkZDU2MzE0YTQ5N2QyZDVhOTJkNWVlOTViMWViMTI0NjgyNmUyMjVlYjlmOWQ5Y2RkZjk2ZDNlMTNiNjA5ODExMDY4MDMwNDY0YjVkZDU3MDE4Og9zZXNzaW9uX2lkIiU0ZjQ5MjAzYjBiZjExM2QyYTZkNWUwYmIwMGJlZDljNCIKZmxhc2hJQzonQWN0aW9uQ29udHJvbGxlcjo6Rmxhc2g6OkZsYXNoSGFzaHsGOgtub3RpY2UiFkxvZ2luIHN1Y2Nlc3NmdWwhBjoKQHVzZWR7BjsHRiIYdXNlcl9jcmVkZW50aWFsc19pZGkG--504f432625a4549e615ed1e3853f3f90c049f1b2&authenticity_token=Ogm5CmYAde6y2AiccvR3H2MBkQKMaIPx60aj8%252B%252B1zOE%253D]
  [4;36;1mSQL (0.1ms)[0m   [0;1mSET NAMES 'utf8'[0m
  [4;35;1mSQL (0.2ms)[0m   [0mSET SQL_AUTO_IS_NULL=0[0m


Processing UsersController#show (for 127.0.0.1 at 2010-05-04 19:48:53) [GET]
  Parameters: {"action"=>"show", "controller"=>"users"}
  [4;36;1mSite Columns (6.5ms)[0m   [0;1mSHOW FIELDS FROM `sites`[0m
  [4;35;1mSite Load (0.3ms)[0m   [0mSELECT * FROM `sites` WHERE (`sites`.`domain` = 'matsimitsu') LIMIT 1[0m
  [4;36;1mUser Columns (1.4ms)[0m   [0;1mSHOW FIELDS FROM `users`[0m
  [4;35;1mUser Load (0.4ms)[0m   [0mSELECT * FROM `users` WHERE (`users`.`id` = '1') LIMIT 1[0m
  [4;36;1mSQL (0.2ms)[0m   [0;1mBEGIN[0m
  [4;35;1mUser Update (0.3ms)[0m   [0mUPDATE `users` SET `updated_at` = '2010-05-04 17:48:53', `perishable_token` = 'pSma8BJofkzqnHRydP8u', `last_request_at` = '2010-05-04 17:48:53' WHERE `id` = 1[0m
[paperclip] Saving attachments.
  [4;36;1mSQL (0.7ms)[0m   [0;1mCOMMIT[0m
Rendering template within layouts/application
Rendering users/show
Completed in 56ms (View: 11, DB: 10) | 200 OK [http://matsimitsu.localhost/account]
  [4;35;1mSQL (0.2ms)[0m   [0mSET NAMES 'utf8'[0m
  [4;36;1mSQL (0.1ms)[0m   [0;1mSET SQL_AUTO_IS_NULL=0[0m


Processing UsersController#show (for 127.0.0.1 at 2010-05-04 19:48:56) [GET]
  Parameters: {"action"=>"show", "controller"=>"users"}
  [4;35;1mSite Columns (1.2ms)[0m   [0mSHOW FIELDS FROM `sites`[0m
  [4;36;1mSite Load (0.3ms)[0m   [0;1mSELECT * FROM `sites` WHERE (`sites`.`domain` = 'matsimitsu') LIMIT 1[0m
  [4;35;1mUser Columns (1.4ms)[0m   [0mSHOW FIELDS FROM `users`[0m
  [4;36;1mUser Load (0.4ms)[0m   [0;1mSELECT * FROM `users` WHERE (`users`.`id` = '1') LIMIT 1[0m
  [4;35;1mSQL (0.1ms)[0m   [0mBEGIN[0m
  [4;36;1mUser Update (0.3ms)[0m   [0;1mUPDATE `users` SET `updated_at` = '2010-05-04 17:48:56', `perishable_token` = 'xIIh2Fhpg2HarvfXzdrE', `last_request_at` = '2010-05-04 17:48:56' WHERE `id` = 1[0m
[paperclip] Saving attachments.
  [4;35;1mSQL (0.4ms)[0m   [0mCOMMIT[0m
Rendering template within layouts/application
Rendering users/show
Completed in 38ms (View: 6, DB: 4) | 200 OK [http://matsimitsu.localhost/account]
DEPRECATION WARNING: require "activesupport" is deprecated and will be removed in Rails 3. Use require "active_support" instead.. (called from /Library/Ruby/Gems/1.8/gems/activesupport-2.3.5/lib/activesupport.rb:2)
DEPRECATION WARNING: :authenticatable as module is deprecated. Please give :database_authenticatable instead.. (called from /Users/robertbeekman/Sites/opensource/mysnaplog/app/models/user.rb:3)
DEPRECATION WARNING: :authenticatable as module is deprecated. Please give :database_authenticatable instead.. (called from /Users/robertbeekman/Sites/opensource/mysnaplog/app/models/user.rb:3)
DEPRECATION WARNING: :authenticatable as module is deprecated. Please give :database_authenticatable instead.. (called from /Users/robertbeekman/Sites/opensource/mysnaplog/app/models/user.rb:3)


Processing ApplicationController#index (for 127.0.0.1 at 2010-05-06 20:17:58) [GET]

ActionController::RoutingError (No route matches "/users/login" with {:method=>:get}):
  warden (0.10.3) lib/warden/manager.rb:35:in `call'
  warden (0.10.3) lib/warden/manager.rb:35:in `call'
  warden (0.10.3) lib/warden/manager.rb:34:in `catch'
  warden (0.10.3) lib/warden/manager.rb:34:in `call'
  config/initializers/cgi_session_hack.rb:42:in `call'

Rendering rescues/layout (not_found)
DEPRECATION WARNING: :authenticatable as module is deprecated. Please give :database_authenticatable instead.. (called from /Users/robertbeekman/Sites/opensource/mysnaplog/app/models/user.rb:3)


Processing ApplicationController#index (for 127.0.0.1 at 2010-05-06 20:18:25) [GET]

ActionController::RoutingError (No route matches "/users/login" with {:method=>:get}):
  warden (0.10.3) lib/warden/manager.rb:35:in `call'
  warden (0.10.3) lib/warden/manager.rb:35:in `call'
  warden (0.10.3) lib/warden/manager.rb:34:in `catch'
  warden (0.10.3) lib/warden/manager.rb:34:in `call'
  config/initializers/cgi_session_hack.rb:42:in `call'

Rendering rescues/layout (not_found)


Processing ApplicationController#index (for 127.0.0.1 at 2010-05-06 20:18:25) [GET]

ActionController::RoutingError (No route matches "/users/login" with {:method=>:get}):
  warden (0.10.3) lib/warden/manager.rb:35:in `call'
  warden (0.10.3) lib/warden/manager.rb:35:in `call'
  warden (0.10.3) lib/warden/manager.rb:34:in `catch'
  warden (0.10.3) lib/warden/manager.rb:34:in `call'
  config/initializers/cgi_session_hack.rb:42:in `call'

Rendering rescues/layout (not_found)
DEPRECATION WARNING: :authenticatable as module is deprecated. Please give :database_authenticatable instead.. (called from /Users/robertbeekman/Sites/opensource/mysnaplog/app/models/user.rb:3)


Processing ApplicationController#index (for 127.0.0.1 at 2010-05-06 20:18:32) [GET]

ActionController::RoutingError (No route matches "/users/login" with {:method=>:get}):
  warden (0.10.3) lib/warden/manager.rb:35:in `call'
  warden (0.10.3) lib/warden/manager.rb:35:in `call'
  warden (0.10.3) lib/warden/manager.rb:34:in `catch'
  warden (0.10.3) lib/warden/manager.rb:34:in `call'
  config/initializers/cgi_session_hack.rb:42:in `call'

Rendering rescues/layout (not_found)


Processing UsersController#new (for 127.0.0.1 at 2010-05-06 20:18:38) [GET]
  Parameters: {"action"=>"new", "controller"=>"users"}

NameError (uninitialized constant ActiveRecord):
  app/models/site.rb:1
  app/controllers/application_controller.rb:27:in `set_current_site'
  haml (2.2.3) rails/./lib/sass/plugin/rails.rb:19:in `process'
  warden (0.10.3) lib/warden/manager.rb:35:in `call'
  warden (0.10.3) lib/warden/manager.rb:35:in `call'
  warden (0.10.3) lib/warden/manager.rb:34:in `catch'
  warden (0.10.3) lib/warden/manager.rb:34:in `call'
  config/initializers/cgi_session_hack.rb:42:in `call'

Rendered rescues/_trace (44.6ms)
Rendered rescues/_request_and_response (1.3ms)
Rendering rescues/layout (internal_server_error)
DEPRECATION WARNING: :authenticatable as module is deprecated. Please give :database_authenticatable instead.. (called from /Users/robertbeekman/Sites/opensource/mysnaplog/app/models/user.rb:3)


Processing UsersController#new (for 127.0.0.1 at 2010-05-06 20:19:04) [GET]

NoMethodError (undefined method `require_no_user' for #<UsersController:0x102cd5778>):
  haml (2.2.3) rails/./lib/sass/plugin/rails.rb:19:in `process'
  warden (0.10.3) lib/warden/manager.rb:35:in `call'
  warden (0.10.3) lib/warden/manager.rb:35:in `call'
  warden (0.10.3) lib/warden/manager.rb:34:in `catch'
  warden (0.10.3) lib/warden/manager.rb:34:in `call'
  config/initializers/cgi_session_hack.rb:42:in `call'

Rendered rescues/_trace (37.8ms)
Rendered rescues/_request_and_response (0.3ms)
Rendering rescues/layout (internal_server_error)


Processing UsersController#new (for 127.0.0.1 at 2010-05-06 20:19:05) [GET]

NoMethodError (undefined method `require_no_user' for #<UsersController:0x1021d9e50>):
  haml (2.2.3) rails/./lib/sass/plugin/rails.rb:19:in `process'
  warden (0.10.3) lib/warden/manager.rb:35:in `call'
  warden (0.10.3) lib/warden/manager.rb:35:in `call'
  warden (0.10.3) lib/warden/manager.rb:34:in `catch'
  warden (0.10.3) lib/warden/manager.rb:34:in `call'
  config/initializers/cgi_session_hack.rb:42:in `call'

Rendered rescues/_trace (119.9ms)
Rendered rescues/_request_and_response (0.3ms)
Rendering rescues/layout (internal_server_error)


Processing UsersController#new (for 127.0.0.1 at 2010-05-06 20:19:16) [GET]
DEPRECATION WARNING: :authenticatable as module is deprecated. Please give :database_authenticatable instead.. (called from /Users/robertbeekman/Sites/opensource/mysnaplog/app/models/user.rb:3)
Rendering template within layouts/application
Rendering users/new

ActionView::TemplateError (undefined local variable or method `account_path' for #<ActionView::Base:0x102d35010>) on line #3 of app/views/users/new.html.erb:
1: <h1>Register</h1>
2: 
3: <% form_for @user, :url => account_path do |f| %>
4:   <%= f.error_messages %>
5:   <%= render :partial => "form", :object => f %>
6:   <%= f.submit "Register" %>

    app/views/users/new.html.erb:3
    haml (2.2.3) lib/haml/helpers/action_view_mods.rb:13:in `render'
    haml (2.2.3) lib/haml/helpers/action_view_mods.rb:13:in `render'
    haml (2.2.3) rails/./lib/sass/plugin/rails.rb:19:in `process'
    warden (0.10.3) lib/warden/manager.rb:35:in `call'
    warden (0.10.3) lib/warden/manager.rb:35:in `call'
    warden (0.10.3) lib/warden/manager.rb:34:in `catch'
    warden (0.10.3) lib/warden/manager.rb:34:in `call'
    config/initializers/cgi_session_hack.rb:42:in `call'

Rendered rescues/_trace (49.2ms)
Rendered rescues/_request_and_response (0.3ms)
Rendering rescues/layout (internal_server_error)


Processing UsersController#new (for 127.0.0.1 at 2010-05-06 20:19:39) [GET]
DEPRECATION WARNING: :authenticatable as module is deprecated. Please give :database_authenticatable instead.. (called from /Users/robertbeekman/Sites/opensource/mysnaplog/app/models/user.rb:3)
Rendering template within layouts/application
Rendering users/new

ActionView::TemplateError (undefined local variable or method `account_path' for #<ActionView::Base:0x101c24780>) on line #3 of app/views/users/new.html.erb:
1: <h1>Register</h1>
2: 
3: <% form_for @user, :url => account_path do |f| %>
4:   <%= f.error_messages %>
5:   <%= render :partial => "form", :object => f %>
6:   <%= f.submit "Register" %>

    app/views/users/new.html.erb:3
    haml (2.2.3) lib/haml/helpers/action_view_mods.rb:13:in `render'
    haml (2.2.3) lib/haml/helpers/action_view_mods.rb:13:in `render'
    haml (2.2.3) rails/./lib/sass/plugin/rails.rb:19:in `process'
    warden (0.10.3) lib/warden/manager.rb:35:in `call'
    warden (0.10.3) lib/warden/manager.rb:35:in `call'
    warden (0.10.3) lib/warden/manager.rb:34:in `catch'
    warden (0.10.3) lib/warden/manager.rb:34:in `call'
    config/initializers/cgi_session_hack.rb:42:in `call'

Rendered rescues/_trace (43.8ms)
Rendered rescues/_request_and_response (0.4ms)
Rendering rescues/layout (internal_server_error)


Processing UsersController#new (for 127.0.0.1 at 2010-05-06 20:19:40) [GET]
DEPRECATION WARNING: :authenticatable as module is deprecated. Please give :database_authenticatable instead.. (called from /Users/robertbeekman/Sites/opensource/mysnaplog/app/models/user.rb:3)
Rendering template within layouts/application
Rendering users/new

ActionView::TemplateError (undefined local variable or method `account_path' for #<ActionView::Base:0x10218db90>) on line #3 of app/views/users/new.html.erb:
1: <h1>Register</h1>
2: 
3: <% form_for @user, :url => account_path do |f| %>
4:   <%= f.error_messages %>
5:   <%= render :partial => "form", :object => f %>
6:   <%= f.submit "Register" %>

    app/views/users/new.html.erb:3
    haml (2.2.3) lib/haml/helpers/action_view_mods.rb:13:in `render'
    haml (2.2.3) lib/haml/helpers/action_view_mods.rb:13:in `render'
    haml (2.2.3) rails/./lib/sass/plugin/rails.rb:19:in `process'
    warden (0.10.3) lib/warden/manager.rb:35:in `call'
    warden (0.10.3) lib/warden/manager.rb:35:in `call'
    warden (0.10.3) lib/warden/manager.rb:34:in `catch'
    warden (0.10.3) lib/warden/manager.rb:34:in `call'
    config/initializers/cgi_session_hack.rb:42:in `call'

Rendered rescues/_trace (123.4ms)
Rendered rescues/_request_and_response (0.3ms)
Rendering rescues/layout (internal_server_error)


Processing UsersController#new (for 127.0.0.1 at 2010-05-06 20:19:41) [GET]
DEPRECATION WARNING: :authenticatable as module is deprecated. Please give :database_authenticatable instead.. (called from /Users/robertbeekman/Sites/opensource/mysnaplog/app/models/user.rb:3)
Rendering template within layouts/application
Rendering users/new

ActionView::TemplateError (undefined local variable or method `account_path' for #<ActionView::Base:0x102c04e20>) on line #3 of app/views/users/new.html.erb:
1: <h1>Register</h1>
2: 
3: <% form_for @user, :url => account_path do |f| %>
4:   <%= f.error_messages %>
5:   <%= render :partial => "form", :object => f %>
6:   <%= f.submit "Register" %>

    app/views/users/new.html.erb:3
    haml (2.2.3) lib/haml/helpers/action_view_mods.rb:13:in `render'
    haml (2.2.3) lib/haml/helpers/action_view_mods.rb:13:in `render'
    haml (2.2.3) rails/./lib/sass/plugin/rails.rb:19:in `process'
    warden (0.10.3) lib/warden/manager.rb:35:in `call'
    warden (0.10.3) lib/warden/manager.rb:35:in `call'
    warden (0.10.3) lib/warden/manager.rb:34:in `catch'
    warden (0.10.3) lib/warden/manager.rb:34:in `call'
    config/initializers/cgi_session_hack.rb:42:in `call'

Rendered rescues/_trace (49.6ms)
Rendered rescues/_request_and_response (0.3ms)
Rendering rescues/layout (internal_server_error)


Processing UsersController#new (for 127.0.0.1 at 2010-05-06 20:19:45) [GET]
DEPRECATION WARNING: :authenticatable as module is deprecated. Please give :database_authenticatable instead.. (called from /Users/robertbeekman/Sites/opensource/mysnaplog/app/models/user.rb:3)
Rendering template within layouts/application
Rendering users/new

ActionView::TemplateError (undefined local variable or method `account_path' for #<ActionView::Base:0x1033baa98>) on line #3 of app/views/users/new.html.erb:
1: <h1>Register</h1>
2: 
3: <% form_for @user, :url => account_path do |f| %>
4:   <%= f.error_messages %>
5:   <%= render :partial => "form", :object => f %>
6:   <%= f.submit "Register" %>

    app/views/users/new.html.erb:3
    haml (2.2.3) lib/haml/helpers/action_view_mods.rb:13:in `render'
    haml (2.2.3) lib/haml/helpers/action_view_mods.rb:13:in `render'
    haml (2.2.3) rails/./lib/sass/plugin/rails.rb:19:in `process'
    warden (0.10.3) lib/warden/manager.rb:35:in `call'
    warden (0.10.3) lib/warden/manager.rb:35:in `call'
    warden (0.10.3) lib/warden/manager.rb:34:in `catch'
    warden (0.10.3) lib/warden/manager.rb:34:in `call'
    config/initializers/cgi_session_hack.rb:42:in `call'

Rendered rescues/_trace (59.1ms)
Rendered rescues/_request_and_response (0.4ms)
Rendering rescues/layout (internal_server_error)


Processing UsersController#new (for 127.0.0.1 at 2010-05-06 20:19:54) [GET]
DEPRECATION WARNING: :authenticatable as module is deprecated. Please give :database_authenticatable instead.. (called from /Users/robertbeekman/Sites/opensource/mysnaplog/app/models/user.rb:3)
Rendering template within layouts/application
Rendering users/new

ActionView::TemplateError (undefined method `login' for #<User:0x101d40790>) on line #2 of app/views/users/_form.erb:
1: <%= form.label :login %><br />
2: <%= form.text_field :login %><br />
3: <br />
4: <%= form.label :email %><br />
5: <%= form.text_field :email %><br />

    /Library/Ruby/Gems/1.8/gems/mongo_mapper-0.7.0/lib/mongo_mapper/plugins/dirty.rb:25:in `method_missing'
    app/views/users/_form.erb:2
    haml (2.2.3) lib/haml/helpers/action_view_mods.rb:13:in `render'
    app/views/users/new.html.erb:5
    haml (2.2.3) lib/haml/helpers/action_view_mods.rb:169:in `form_for'
    app/views/users/new.html.erb:3
    haml (2.2.3) lib/haml/helpers/action_view_mods.rb:13:in `render'
    haml (2.2.3) lib/haml/helpers/action_view_mods.rb:13:in `render'
    haml (2.2.3) rails/./lib/sass/plugin/rails.rb:19:in `process'
    warden (0.10.3) lib/warden/manager.rb:35:in `call'
    warden (0.10.3) lib/warden/manager.rb:35:in `call'
    warden (0.10.3) lib/warden/manager.rb:34:in `catch'
    warden (0.10.3) lib/warden/manager.rb:34:in `call'
    config/initializers/cgi_session_hack.rb:42:in `call'

Rendered rescues/_trace (58.5ms)
Rendered rescues/_request_and_response (0.3ms)
Rendering rescues/layout (internal_server_error)


Processing UsersController#new (for 127.0.0.1 at 2010-05-06 20:20:53) [GET]
DEPRECATION WARNING: :authenticatable as module is deprecated. Please give :database_authenticatable instead.. (called from /Users/robertbeekman/Sites/opensource/mysnaplog/app/models/user.rb:8)

ArgumentError (key User/Validatable::ValidatesPresenceOf/email must be unique, provide the :key option to specify a unique key):
  /Library/Ruby/Gems/1.8/gems/jnunemaker-validatable-1.8.1/lib/validatable/validations/validation_base.rb:61:in `raise_error_if_key_is_dup'
  /Library/Ruby/Gems/1.8/gems/jnunemaker-validatable-1.8.1/lib/validatable/validations/validation_base.rb:56:in `initialize'
  /Library/Ruby/Gems/1.8/gems/jnunemaker-validatable-1.8.1/lib/validatable/validatable_class_methods.rb:66:in `new'
  /Library/Ruby/Gems/1.8/gems/jnunemaker-validatable-1.8.1/lib/validatable/validatable_class_methods.rb:66:in `add_validations'
  /Library/Ruby/Gems/1.8/gems/jnunemaker-validatable-1.8.1/lib/validatable/validatable_class_methods.rb:65:in `each'
  /Library/Ruby/Gems/1.8/gems/jnunemaker-validatable-1.8.1/lib/validatable/validatable_class_methods.rb:65:in `add_validations'
  /Library/Ruby/Gems/1.8/gems/jnunemaker-validatable-1.8.1/lib/validatable/macros.rb:170:in `validates_presence_of'
  devise (1.0.7) lib/devise/models/validatable.rb:17:in `included'
  devise (1.0.7) lib/devise/models/validatable.rb:16:in `class_eval'
  devise (1.0.7) lib/devise/models/validatable.rb:16:in `included'
  devise (1.0.7) lib/devise/models.rb:71:in `include'
  devise (1.0.7) lib/devise/models.rb:71:in `devise'
  devise (1.0.7) lib/devise/models.rb:70:in `each'
  devise (1.0.7) lib/devise/models.rb:70:in `devise'
  devise (1.0.7) lib/devise/orm/mongo_mapper.rb:17:in `included_modules_hook'
  devise (1.0.7) lib/devise/models.rb:69:in `devise'
  app/models/user.rb:8
  app/controllers/users_controller.rb:4:in `new'
  haml (2.2.3) rails/./lib/sass/plugin/rails.rb:19:in `process'
  warden (0.10.3) lib/warden/manager.rb:35:in `call'
  warden (0.10.3) lib/warden/manager.rb:35:in `call'
  warden (0.10.3) lib/warden/manager.rb:34:in `catch'
  warden (0.10.3) lib/warden/manager.rb:34:in `call'
  config/initializers/cgi_session_hack.rb:42:in `call'

Rendered rescues/_trace (144.2ms)
Rendered rescues/_request_and_response (0.3ms)
Rendering rescues/layout (internal_server_error)


Processing UsersController#new (for 127.0.0.1 at 2010-05-06 20:23:43) [GET]
DEPRECATION WARNING: :authenticatable as module is deprecated. Please give :database_authenticatable instead.. (called from /Users/robertbeekman/Sites/opensource/mysnaplog/app/models/user.rb:8)

ArgumentError (key User/Validatable::ValidatesPresenceOf/email must be unique, provide the :key option to specify a unique key):
  /Library/Ruby/Gems/1.8/gems/jnunemaker-validatable-1.8.1/lib/validatable/validations/validation_base.rb:61:in `raise_error_if_key_is_dup'
  /Library/Ruby/Gems/1.8/gems/jnunemaker-validatable-1.8.1/lib/validatable/validations/validation_base.rb:56:in `initialize'
  /Library/Ruby/Gems/1.8/gems/jnunemaker-validatable-1.8.1/lib/validatable/validatable_class_methods.rb:66:in `new'
  /Library/Ruby/Gems/1.8/gems/jnunemaker-validatable-1.8.1/lib/validatable/validatable_class_methods.rb:66:in `add_validations'
  /Library/Ruby/Gems/1.8/gems/jnunemaker-validatable-1.8.1/lib/validatable/validatable_class_methods.rb:65:in `each'
  /Library/Ruby/Gems/1.8/gems/jnunemaker-validatable-1.8.1/lib/validatable/validatable_class_methods.rb:65:in `add_validations'
  /Library/Ruby/Gems/1.8/gems/jnunemaker-validatable-1.8.1/lib/validatable/macros.rb:170:in `validates_presence_of'
  devise (1.0.7) lib/devise/models/validatable.rb:17:in `included'
  devise (1.0.7) lib/devise/models/validatable.rb:16:in `class_eval'
  devise (1.0.7) lib/devise/models/validatable.rb:16:in `included'
  devise (1.0.7) lib/devise/models.rb:71:in `include'
  devise (1.0.7) lib/devise/models.rb:71:in `devise'
  devise (1.0.7) lib/devise/models.rb:70:in `each'
  devise (1.0.7) lib/devise/models.rb:70:in `devise'
  devise (1.0.7) lib/devise/orm/mongo_mapper.rb:17:in `included_modules_hook'
  devise (1.0.7) lib/devise/models.rb:69:in `devise'
  app/models/user.rb:8
  app/controllers/users_controller.rb:4:in `new'
  haml (2.2.3) rails/./lib/sass/plugin/rails.rb:19:in `process'
  warden (0.10.3) lib/warden/manager.rb:35:in `call'
  warden (0.10.3) lib/warden/manager.rb:35:in `call'
  warden (0.10.3) lib/warden/manager.rb:34:in `catch'
  warden (0.10.3) lib/warden/manager.rb:34:in `call'
  config/initializers/cgi_session_hack.rb:42:in `call'

Rendered rescues/_trace (66.4ms)
Rendered rescues/_request_and_response (0.3ms)
Rendering rescues/layout (internal_server_error)


Processing UsersController#new (for 127.0.0.1 at 2010-05-06 20:23:45) [GET]
DEPRECATION WARNING: :authenticatable as module is deprecated. Please give :database_authenticatable instead.. (called from /Users/robertbeekman/Sites/opensource/mysnaplog/app/models/user.rb:8)

ArgumentError (key User/Validatable::ValidatesPresenceOf/email must be unique, provide the :key option to specify a unique key):
  /Library/Ruby/Gems/1.8/gems/jnunemaker-validatable-1.8.1/lib/validatable/validations/validation_base.rb:61:in `raise_error_if_key_is_dup'
  /Library/Ruby/Gems/1.8/gems/jnunemaker-validatable-1.8.1/lib/validatable/validations/validation_base.rb:56:in `initialize'
  /Library/Ruby/Gems/1.8/gems/jnunemaker-validatable-1.8.1/lib/validatable/validatable_class_methods.rb:66:in `new'
  /Library/Ruby/Gems/1.8/gems/jnunemaker-validatable-1.8.1/lib/validatable/validatable_class_methods.rb:66:in `add_validations'
  /Library/Ruby/Gems/1.8/gems/jnunemaker-validatable-1.8.1/lib/validatable/validatable_class_methods.rb:65:in `each'
  /Library/Ruby/Gems/1.8/gems/jnunemaker-validatable-1.8.1/lib/validatable/validatable_class_methods.rb:65:in `add_validations'
  /Library/Ruby/Gems/1.8/gems/jnunemaker-validatable-1.8.1/lib/validatable/macros.rb:170:in `validates_presence_of'
  devise (1.0.7) lib/devise/models/validatable.rb:17:in `included'
  devise (1.0.7) lib/devise/models/validatable.rb:16:in `class_eval'
  devise (1.0.7) lib/devise/models/validatable.rb:16:in `included'
  devise (1.0.7) lib/devise/models.rb:71:in `include'
  devise (1.0.7) lib/devise/models.rb:71:in `devise'
  devise (1.0.7) lib/devise/models.rb:70:in `each'
  devise (1.0.7) lib/devise/models.rb:70:in `devise'
  devise (1.0.7) lib/devise/orm/mongo_mapper.rb:17:in `included_modules_hook'
  devise (1.0.7) lib/devise/models.rb:69:in `devise'
  app/models/user.rb:8
  app/controllers/users_controller.rb:4:in `new'
  haml (2.2.3) rails/./lib/sass/plugin/rails.rb:19:in `process'
  warden (0.10.3) lib/warden/manager.rb:35:in `call'
  warden (0.10.3) lib/warden/manager.rb:35:in `call'
  warden (0.10.3) lib/warden/manager.rb:34:in `catch'
  warden (0.10.3) lib/warden/manager.rb:34:in `call'
  config/initializers/cgi_session_hack.rb:42:in `call'

Rendered rescues/_trace (48.6ms)
Rendered rescues/_request_and_response (0.3ms)
Rendering rescues/layout (internal_server_error)


Processing UsersController#new (for 127.0.0.1 at 2010-05-06 20:23:45) [GET]
DEPRECATION WARNING: :authenticatable as module is deprecated. Please give :database_authenticatable instead.. (called from /Users/robertbeekman/Sites/opensource/mysnaplog/app/models/user.rb:8)

ArgumentError (key User/Validatable::ValidatesPresenceOf/email must be unique, provide the :key option to specify a unique key):
  /Library/Ruby/Gems/1.8/gems/jnunemaker-validatable-1.8.1/lib/validatable/validations/validation_base.rb:61:in `raise_error_if_key_is_dup'
  /Library/Ruby/Gems/1.8/gems/jnunemaker-validatable-1.8.1/lib/validatable/validations/validation_base.rb:56:in `initialize'
  /Library/Ruby/Gems/1.8/gems/jnunemaker-validatable-1.8.1/lib/validatable/validatable_class_methods.rb:66:in `new'
  /Library/Ruby/Gems/1.8/gems/jnunemaker-validatable-1.8.1/lib/validatable/validatable_class_methods.rb:66:in `add_validations'
  /Library/Ruby/Gems/1.8/gems/jnunemaker-validatable-1.8.1/lib/validatable/validatable_class_methods.rb:65:in `each'
  /Library/Ruby/Gems/1.8/gems/jnunemaker-validatable-1.8.1/lib/validatable/validatable_class_methods.rb:65:in `add_validations'
  /Library/Ruby/Gems/1.8/gems/jnunemaker-validatable-1.8.1/lib/validatable/macros.rb:170:in `validates_presence_of'
  devise (1.0.7) lib/devise/models/validatable.rb:17:in `included'
  devise (1.0.7) lib/devise/models/validatable.rb:16:in `class_eval'
  devise (1.0.7) lib/devise/models/validatable.rb:16:in `included'
  devise (1.0.7) lib/devise/models.rb:71:in `include'
  devise (1.0.7) lib/devise/models.rb:71:in `devise'
  devise (1.0.7) lib/devise/models.rb:70:in `each'
  devise (1.0.7) lib/devise/models.rb:70:in `devise'
  devise (1.0.7) lib/devise/orm/mongo_mapper.rb:17:in `included_modules_hook'
  devise (1.0.7) lib/devise/models.rb:69:in `devise'
  app/models/user.rb:8
  app/controllers/users_controller.rb:4:in `new'
  haml (2.2.3) rails/./lib/sass/plugin/rails.rb:19:in `process'
  warden (0.10.3) lib/warden/manager.rb:35:in `call'
  warden (0.10.3) lib/warden/manager.rb:35:in `call'
  warden (0.10.3) lib/warden/manager.rb:34:in `catch'
  warden (0.10.3) lib/warden/manager.rb:34:in `call'
  config/initializers/cgi_session_hack.rb:42:in `call'

Rendered rescues/_trace (50.8ms)
Rendered rescues/_request_and_response (0.3ms)
Rendering rescues/layout (internal_server_error)


Processing ApplicationController#index (for 127.0.0.1 at 2010-05-06 20:24:54) [GET]

ActionController::RoutingError (No route matches "/users/sign-up" with {:method=>:get}):
  warden (0.10.3) lib/warden/manager.rb:35:in `call'
  warden (0.10.3) lib/warden/manager.rb:35:in `call'
  warden (0.10.3) lib/warden/manager.rb:34:in `catch'
  warden (0.10.3) lib/warden/manager.rb:34:in `call'
  config/initializers/cgi_session_hack.rb:42:in `call'

Rendering rescues/layout (not_found)


Processing RegistrationsController#new (for 127.0.0.1 at 2010-05-06 20:24:58) [GET]
DEPRECATION WARNING: :authenticatable as module is deprecated. Please give :database_authenticatable instead.. (called from /Users/robertbeekman/Sites/opensource/mysnaplog/app/models/user.rb:4)
Rendering template within layouts/application
Rendering registrations/new
Rendered shared/_devise_links (4.9ms)
Completed in 42ms (View: 27 | 200 OK [http://localhost/users/sign_up]


Processing RegistrationsController#new (for 127.0.0.1 at 2010-05-06 20:25:02) [GET]
DEPRECATION WARNING: :authenticatable as module is deprecated. Please give :database_authenticatable instead.. (called from /Users/robertbeekman/Sites/opensource/mysnaplog/app/models/user.rb:4)
Rendering template within layouts/application
Rendering registrations/new
Rendered shared/_devise_links (3.3ms)
Completed in 19ms (View: 9 | 200 OK [http://localhost/users/sign_up]


Processing RegistrationsController#new (for 127.0.0.1 at 2010-05-06 20:25:02) [GET]
DEPRECATION WARNING: :authenticatable as module is deprecated. Please give :database_authenticatable instead.. (called from /Users/robertbeekman/Sites/opensource/mysnaplog/app/models/user.rb:4)
Rendering template within layouts/application
Rendering registrations/new
Rendered shared/_devise_links (3.2ms)
Completed in 18ms (View: 9 | 200 OK [http://localhost/users/sign_up]


Processing RegistrationsController#create (for 127.0.0.1 at 2010-05-06 20:25:13) [POST]
  Parameters: {"commit"=>"Sign up", "user"=>{"password_confirmation"=>"C0mputer", "password"=>"C0mputer", "email"=>"robert@matsimitsu.nl"}}
DEPRECATION WARNING: :authenticatable as module is deprecated. Please give :database_authenticatable instead.. (called from /Users/robertbeekman/Sites/opensource/mysnaplog/app/models/user.rb:4)

ActionView::TemplateError (Missing host to link to! Please provide :host parameter or set default_url_options[:host]) on line #5 of /Library/Ruby/Gems/1.8/gems/devise-1.0.7/app/views/devise_mailer/confirmation_instructions.html.erb:
2: 
3: <p>You can confirm your account through the link below:</p>
4: 
5: <p><%= link_to 'Confirm my account', confirmation_url(@resource, :confirmation_token => @resource.confirmation_token) %></p>

    (eval):20:in `user_confirmation_url'
    devise (1.0.7) lib/devise/controllers/url_helpers.rb:32:in `send'
    devise (1.0.7) lib/devise/controllers/url_helpers.rb:32:in `confirmation_url'
    devise (1.0.7) app/views/devise_mailer/confirmation_instructions.html.erb:5
    haml (2.2.3) lib/haml/helpers/action_view_mods.rb:13:in `render'
    devise (1.0.7) app/models/devise_mailer.rb:42:in `render_with_scope'
    devise (1.0.7) app/models/devise_mailer.rb:31:in `setup_mail'
    devise (1.0.7) app/models/devise_mailer.rb:7:in `confirmation_instructions'
    devise (1.0.7) lib/devise/models/confirmable.rb:60:in `send_confirmation_instructions'
    /Library/Ruby/Gems/1.8/gems/mongo_mapper-0.7.0/lib/mongo_mapper/plugins/callbacks.rb:52:in `create'
    /Library/Ruby/Gems/1.8/gems/mongo_mapper-0.7.0/lib/mongo_mapper/document.rb:392:in `create_or_update'
    /Library/Ruby/Gems/1.8/gems/mongo_mapper-0.7.0/lib/mongo_mapper/plugins/callbacks.rb:43:in `create_or_update'
    /Library/Ruby/Gems/1.8/gems/mongo_mapper-0.7.0/lib/mongo_mapper/document.rb:364:in `save'
    /Library/Ruby/Gems/1.8/gems/mongo_mapper-0.7.0/lib/mongo_mapper/plugins/dirty.rb:47:in `save'
    devise (1.0.7) lib/devise/orm/mongo_mapper.rb:9:in `save'
    devise (1.0.7) app/controllers/registrations_controller.rb:16:in `create'
    haml (2.2.3) rails/./lib/sass/plugin/rails.rb:19:in `process'
    warden (0.10.3) lib/warden/manager.rb:35:in `call'
    warden (0.10.3) lib/warden/manager.rb:35:in `call'
    warden (0.10.3) lib/warden/manager.rb:34:in `catch'
    warden (0.10.3) lib/warden/manager.rb:34:in `call'
    config/initializers/cgi_session_hack.rb:42:in `call'

Rendered rescues/_trace (145.0ms)
Rendered rescues/_request_and_response (0.4ms)
Rendering rescues/layout (internal_server_error)


Processing RegistrationsController#create (for 127.0.0.1 at 2010-05-06 20:26:22) [POST]
  Parameters: {"commit"=>"Sign up", "user"=>{"password_confirmation"=>"C0mputer", "password"=>"C0mputer", "email"=>"robert@matsimitsu.nl"}}
DEPRECATION WARNING: :authenticatable as module is deprecated. Please give :database_authenticatable instead.. (called from /Users/robertbeekman/Sites/opensource/mysnaplog/app/models/user.rb:4)
Rendering template within layouts/application
Rendering registrations/new
Rendered shared/_devise_links (1.0ms)
Completed in 29ms (View: 12 | 200 OK [http://localhost/users]


Processing ApplicationController#index (for 127.0.0.1 at 2010-05-06 20:26:28) [GET]

ActionController::RoutingError (No route matches "/users/login" with {:method=>:get}):
  warden (0.10.3) lib/warden/manager.rb:35:in `call'
  warden (0.10.3) lib/warden/manager.rb:35:in `call'
  warden (0.10.3) lib/warden/manager.rb:34:in `catch'
  warden (0.10.3) lib/warden/manager.rb:34:in `call'
  config/initializers/cgi_session_hack.rb:42:in `call'

Rendering rescues/layout (not_found)


Processing SessionsController#new (for 127.0.0.1 at 2010-05-06 20:26:39) [GET]
DEPRECATION WARNING: :authenticatable as module is deprecated. Please give :database_authenticatable instead.. (called from /Users/robertbeekman/Sites/opensource/mysnaplog/app/models/user.rb:4)
Rendering template within layouts/application
Rendering sessions/new
Rendered shared/_devise_links (3.3ms)
Completed in 26ms (View: 14 | 200 OK [http://localhost/users/sign_in]


Processing SessionsController#create (for 127.0.0.1 at 2010-05-06 20:26:48) [POST]
  Parameters: {"commit"=>"Sign in", "user"=>{"remember_me"=>"0", "password"=>"C0mputer", "email"=>"robert@matsimitsu.nl"}}
DEPRECATION WARNING: :authenticatable as module is deprecated. Please give :database_authenticatable instead.. (called from /Users/robertbeekman/Sites/opensource/mysnaplog/app/models/user.rb:4)
Redirected to http://localhost:3000/
Completed in 54ms | 302 Found [http://localhost/users/sign_in]
DEPRECATION WARNING: :authenticatable as module is deprecated. Please give :database_authenticatable instead.. (called from /Users/robertbeekman/Sites/opensource/mysnaplog/app/models/user.rb:4)


Processing Manage::AlbumsController#index (for 127.0.0.1 at 2010-05-06 20:31:44) [GET]

NoMethodError (undefined method `albums' for #<User:0x101d9c4c8>):
  /Library/Ruby/Gems/1.8/gems/mongo_mapper-0.7.0/lib/mongo_mapper/plugins/dirty.rb:25:in `method_missing'
  app/controllers/manage/albums_controller.rb:6:in `index'
  haml (2.2.3) rails/./lib/sass/plugin/rails.rb:19:in `process'
  warden (0.10.3) lib/warden/manager.rb:35:in `call'
  warden (0.10.3) lib/warden/manager.rb:35:in `call'
  warden (0.10.3) lib/warden/manager.rb:34:in `catch'
  warden (0.10.3) lib/warden/manager.rb:34:in `call'
  config/initializers/cgi_session_hack.rb:42:in `call'

Rendered rescues/_trace (33.8ms)
Rendered rescues/_request_and_response (0.3ms)
Rendering rescues/layout (internal_server_error)


Processing Manage::AlbumsController#index (for 127.0.0.1 at 2010-05-06 20:33:01) [GET]
DEPRECATION WARNING: :authenticatable as module is deprecated. Please give :database_authenticatable instead.. (called from /Users/robertbeekman/Sites/opensource/mysnaplog/app/models/user.rb:4)
Rendering template within layouts/application
Rendering manage/albums/index
Completed in 125ms (View: 8 | 200 OK [http://localhost/manage/albums]
DEPRECATION WARNING: :authenticatable as module is deprecated. Please give :database_authenticatable instead.. (called from /Users/robertbeekman/Sites/opensource/mysnaplog/app/models/user.rb:4)


Processing Manage::AlbumsController#index (for 127.0.0.1 at 2010-05-06 20:33:33) [GET]
DEPRECATION WARNING: :authenticatable as module is deprecated. Please give :database_authenticatable instead.. (called from /Users/robertbeekman/Sites/opensource/mysnaplog/app/models/user.rb:4)
Rendering template within layouts/application
Rendering manage/albums/index
Completed in 23ms (View: 6 | 200 OK [http://localhost/manage/albums]
